<?xml version="1.0" encoding="UTF-8"?>
<testsuite xmlns:xsi="http://www.w3.org/2001/XMLSchema-instance" xsi:noNamespaceSchemaLocation="https://maven.apache.org/surefire/maven-surefire-plugin/xsd/surefire-test-report-3.0.xsd" version="3.0" name="io.github.gustacodes.mscloudgateway.FlechGatewayApplicationTests" time="7.015" tests="1" errors="0" skipped="0" failures="0">
  <properties>
    <property name="java.specification.version" value="17"/>
    <property name="sun.cpu.isalist" value="amd64"/>
    <property name="sun.jnu.encoding" value="Cp1252"/>
    <property name="java.class.path" value="C:\Users\gusta\Documents\fleche\fleche-gateway\target\test-classes;C:\Users\gusta\Documents\fleche\fleche-gateway\target\classes;C:\Users\gusta\.m2\repository\org\springframework\boot\spring-boot-starter-webflux\3.3.10\spring-boot-starter-webflux-3.3.10.jar;C:\Users\gusta\.m2\repository\org\springframework\boot\spring-boot-starter\3.3.10\spring-boot-starter-3.3.10.jar;C:\Users\gusta\.m2\repository\org\springframework\boot\spring-boot\3.3.10\spring-boot-3.3.10.jar;C:\Users\gusta\.m2\repository\org\springframework\spring-context\6.1.18\spring-context-6.1.18.jar;C:\Users\gusta\.m2\repository\org\springframework\spring-aop\6.1.18\spring-aop-6.1.18.jar;C:\Users\gusta\.m2\repository\org\springframework\spring-expression\6.1.18\spring-expression-6.1.18.jar;C:\Users\gusta\.m2\repository\org\springframework\boot\spring-boot-autoconfigure\3.3.10\spring-boot-autoconfigure-3.3.10.jar;C:\Users\gusta\.m2\repository\org\springframework\boot\spring-boot-starter-logging\3.3.10\spring-boot-starter-logging-3.3.10.jar;C:\Users\gusta\.m2\repository\ch\qos\logback\logback-classic\1.5.18\logback-classic-1.5.18.jar;C:\Users\gusta\.m2\repository\ch\qos\logback\logback-core\1.5.18\logback-core-1.5.18.jar;C:\Users\gusta\.m2\repository\org\apache\logging\log4j\log4j-to-slf4j\2.23.1\log4j-to-slf4j-2.23.1.jar;C:\Users\gusta\.m2\repository\org\apache\logging\log4j\log4j-api\2.23.1\log4j-api-2.23.1.jar;C:\Users\gusta\.m2\repository\org\slf4j\jul-to-slf4j\2.0.17\jul-to-slf4j-2.0.17.jar;C:\Users\gusta\.m2\repository\jakarta\annotation\jakarta.annotation-api\2.1.1\jakarta.annotation-api-2.1.1.jar;C:\Users\gusta\.m2\repository\org\yaml\snakeyaml\2.2\snakeyaml-2.2.jar;C:\Users\gusta\.m2\repository\org\springframework\boot\spring-boot-starter-json\3.3.10\spring-boot-starter-json-3.3.10.jar;C:\Users\gusta\.m2\repository\com\fasterxml\jackson\core\jackson-databind\2.17.3\jackson-databind-2.17.3.jar;C:\Users\gusta\.m2\repository\com\fasterxml\jackson\datatype\jackson-datatype-jdk8\2.17.3\jackson-datatype-jdk8-2.17.3.jar;C:\Users\gusta\.m2\repository\com\fasterxml\jackson\datatype\jackson-datatype-jsr310\2.17.3\jackson-datatype-jsr310-2.17.3.jar;C:\Users\gusta\.m2\repository\com\fasterxml\jackson\module\jackson-module-parameter-names\2.17.3\jackson-module-parameter-names-2.17.3.jar;C:\Users\gusta\.m2\repository\org\springframework\boot\spring-boot-starter-reactor-netty\3.3.10\spring-boot-starter-reactor-netty-3.3.10.jar;C:\Users\gusta\.m2\repository\io\projectreactor\netty\reactor-netty-http\1.1.28\reactor-netty-http-1.1.28.jar;C:\Users\gusta\.m2\repository\io\netty\netty-codec-http\4.1.119.Final\netty-codec-http-4.1.119.Final.jar;C:\Users\gusta\.m2\repository\io\netty\netty-common\4.1.119.Final\netty-common-4.1.119.Final.jar;C:\Users\gusta\.m2\repository\io\netty\netty-buffer\4.1.119.Final\netty-buffer-4.1.119.Final.jar;C:\Users\gusta\.m2\repository\io\netty\netty-transport\4.1.119.Final\netty-transport-4.1.119.Final.jar;C:\Users\gusta\.m2\repository\io\netty\netty-codec\4.1.119.Final\netty-codec-4.1.119.Final.jar;C:\Users\gusta\.m2\repository\io\netty\netty-handler\4.1.119.Final\netty-handler-4.1.119.Final.jar;C:\Users\gusta\.m2\repository\io\netty\netty-codec-http2\4.1.119.Final\netty-codec-http2-4.1.119.Final.jar;C:\Users\gusta\.m2\repository\io\netty\netty-resolver-dns\4.1.119.Final\netty-resolver-dns-4.1.119.Final.jar;C:\Users\gusta\.m2\repository\io\netty\netty-resolver\4.1.119.Final\netty-resolver-4.1.119.Final.jar;C:\Users\gusta\.m2\repository\io\netty\netty-codec-dns\4.1.119.Final\netty-codec-dns-4.1.119.Final.jar;C:\Users\gusta\.m2\repository\io\netty\netty-resolver-dns-native-macos\4.1.119.Final\netty-resolver-dns-native-macos-4.1.119.Final-osx-x86_64.jar;C:\Users\gusta\.m2\repository\io\netty\netty-resolver-dns-classes-macos\4.1.119.Final\netty-resolver-dns-classes-macos-4.1.119.Final.jar;C:\Users\gusta\.m2\repository\io\netty\netty-transport-native-epoll\4.1.119.Final\netty-transport-native-epoll-4.1.119.Final-linux-x86_64.jar;C:\Users\gusta\.m2\repository\io\netty\netty-transport-native-unix-common\4.1.119.Final\netty-transport-native-unix-common-4.1.119.Final.jar;C:\Users\gusta\.m2\repository\io\netty\netty-transport-classes-epoll\4.1.119.Final\netty-transport-classes-epoll-4.1.119.Final.jar;C:\Users\gusta\.m2\repository\io\projectreactor\netty\reactor-netty-core\1.1.28\reactor-netty-core-1.1.28.jar;C:\Users\gusta\.m2\repository\io\netty\netty-handler-proxy\4.1.119.Final\netty-handler-proxy-4.1.119.Final.jar;C:\Users\gusta\.m2\repository\io\netty\netty-codec-socks\4.1.119.Final\netty-codec-socks-4.1.119.Final.jar;C:\Users\gusta\.m2\repository\org\springframework\spring-web\6.1.18\spring-web-6.1.18.jar;C:\Users\gusta\.m2\repository\org\springframework\spring-beans\6.1.18\spring-beans-6.1.18.jar;C:\Users\gusta\.m2\repository\io\micrometer\micrometer-observation\1.13.12\micrometer-observation-1.13.12.jar;C:\Users\gusta\.m2\repository\io\micrometer\micrometer-commons\1.13.12\micrometer-commons-1.13.12.jar;C:\Users\gusta\.m2\repository\org\springframework\spring-webflux\6.1.18\spring-webflux-6.1.18.jar;C:\Users\gusta\.m2\repository\io\projectreactor\reactor-core\3.6.15\reactor-core-3.6.15.jar;C:\Users\gusta\.m2\repository\org\reactivestreams\reactive-streams\1.0.4\reactive-streams-1.0.4.jar;C:\Users\gusta\.m2\repository\org\springframework\cloud\spring-cloud-starter-gateway\4.1.6\spring-cloud-starter-gateway-4.1.6.jar;C:\Users\gusta\.m2\repository\org\springframework\cloud\spring-cloud-starter\4.1.5\spring-cloud-starter-4.1.5.jar;C:\Users\gusta\.m2\repository\org\springframework\cloud\spring-cloud-context\4.1.5\spring-cloud-context-4.1.5.jar;C:\Users\gusta\.m2\repository\org\springframework\security\spring-security-crypto\6.3.8\spring-security-crypto-6.3.8.jar;C:\Users\gusta\.m2\repository\org\springframework\cloud\spring-cloud-commons\4.1.5\spring-cloud-commons-4.1.5.jar;C:\Users\gusta\.m2\repository\org\springframework\security\spring-security-rsa\1.1.3\spring-security-rsa-1.1.3.jar;C:\Users\gusta\.m2\repository\org\bouncycastle\bcprov-jdk18on\1.78\bcprov-jdk18on-1.78.jar;C:\Users\gusta\.m2\repository\org\springframework\cloud\spring-cloud-gateway-server\4.1.6\spring-cloud-gateway-server-4.1.6.jar;C:\Users\gusta\.m2\repository\org\springframework\boot\spring-boot-starter-validation\3.3.10\spring-boot-starter-validation-3.3.10.jar;C:\Users\gusta\.m2\repository\org\apache\tomcat\embed\tomcat-embed-el\10.1.39\tomcat-embed-el-10.1.39.jar;C:\Users\gusta\.m2\repository\org\hibernate\validator\hibernate-validator\8.0.2.Final\hibernate-validator-8.0.2.Final.jar;C:\Users\gusta\.m2\repository\jakarta\validation\jakarta.validation-api\3.0.2\jakarta.validation-api-3.0.2.jar;C:\Users\gusta\.m2\repository\org\jboss\logging\jboss-logging\3.5.3.Final\jboss-logging-3.5.3.Final.jar;C:\Users\gusta\.m2\repository\com\fasterxml\classmate\1.7.0\classmate-1.7.0.jar;C:\Users\gusta\.m2\repository\io\projectreactor\addons\reactor-extra\3.5.2\reactor-extra-3.5.2.jar;C:\Users\gusta\.m2\repository\org\springframework\cloud\spring-cloud-starter-netflix-eureka-client\5.0.0-M3\spring-cloud-starter-netflix-eureka-client-5.0.0-M3.jar;C:\Users\gusta\.m2\repository\org\springframework\cloud\spring-cloud-netflix-eureka-client\4.1.5\spring-cloud-netflix-eureka-client-4.1.5.jar;C:\Users\gusta\.m2\repository\org\apache\httpcomponents\client5\httpclient5\5.3.1\httpclient5-5.3.1.jar;C:\Users\gusta\.m2\repository\org\apache\httpcomponents\core5\httpcore5\5.2.5\httpcore5-5.2.5.jar;C:\Users\gusta\.m2\repository\org\apache\httpcomponents\core5\httpcore5-h2\5.2.5\httpcore5-h2-5.2.5.jar;C:\Users\gusta\.m2\repository\com\netflix\eureka\eureka-client\2.0.4\eureka-client-2.0.4.jar;C:\Users\gusta\.m2\repository\com\thoughtworks\xstream\xstream\1.4.20\xstream-1.4.20.jar;C:\Users\gusta\.m2\repository\io\github\x-stream\mxparser\1.2.2\mxparser-1.2.2.jar;C:\Users\gusta\.m2\repository\xmlpull\xmlpull\1.1.3.1\xmlpull-1.1.3.1.jar;C:\Users\gusta\.m2\repository\jakarta\ws\rs\jakarta.ws.rs-api\3.1.0\jakarta.ws.rs-api-3.1.0.jar;C:\Users\gusta\.m2\repository\jakarta\inject\jakarta.inject-api\2.0.1\jakarta.inject-api-2.0.1.jar;C:\Users\gusta\.m2\repository\com\netflix\spectator\spectator-api\1.7.3\spectator-api-1.7.3.jar;C:\Users\gusta\.m2\repository\org\slf4j\slf4j-api\2.0.17\slf4j-api-2.0.17.jar;C:\Users\gusta\.m2\repository\org\apache\httpcomponents\httpclient\4.5.3\httpclient-4.5.3.jar;C:\Users\gusta\.m2\repository\org\apache\httpcomponents\httpcore\4.4.16\httpcore-4.4.16.jar;C:\Users\gusta\.m2\repository\commons-codec\commons-codec\1.16.1\commons-codec-1.16.1.jar;C:\Users\gusta\.m2\repository\commons-configuration\commons-configuration\1.10\commons-configuration-1.10.jar;C:\Users\gusta\.m2\repository\commons-lang\commons-lang\2.6\commons-lang-2.6.jar;C:\Users\gusta\.m2\repository\com\fasterxml\jackson\core\jackson-annotations\2.17.3\jackson-annotations-2.17.3.jar;C:\Users\gusta\.m2\repository\com\fasterxml\jackson\core\jackson-core\2.17.3\jackson-core-2.17.3.jar;C:\Users\gusta\.m2\repository\com\netflix\netflix-commons\netflix-eventbus\0.3.0\netflix-eventbus-0.3.0.jar;C:\Users\gusta\.m2\repository\com\netflix\netflix-commons\netflix-infix\0.3.0\netflix-infix-0.3.0.jar;C:\Users\gusta\.m2\repository\commons-jxpath\commons-jxpath\1.3\commons-jxpath-1.3.jar;C:\Users\gusta\.m2\repository\joda-time\joda-time\2.3\joda-time-2.3.jar;C:\Users\gusta\.m2\repository\org\antlr\antlr-runtime\3.4\antlr-runtime-3.4.jar;C:\Users\gusta\.m2\repository\org\antlr\stringtemplate\3.2.1\stringtemplate-3.2.1.jar;C:\Users\gusta\.m2\repository\antlr\antlr\2.7.7\antlr-2.7.7.jar;C:\Users\gusta\.m2\repository\com\google\guava\guava\14.0.1\guava-14.0.1.jar;C:\Users\gusta\.m2\repository\com\google\code\gson\gson\2.10.1\gson-2.10.1.jar;C:\Users\gusta\.m2\repository\com\netflix\servo\servo-core\0.5.3\servo-core-0.5.3.jar;C:\Users\gusta\.m2\repository\org\apache\commons\commons-math\2.2\commons-math-2.2.jar;C:\Users\gusta\.m2\repository\javax\annotation\javax.annotation-api\1.2\javax.annotation-api-1.2.jar;C:\Users\gusta\.m2\repository\org\codehaus\jettison\jettison\1.5.4\jettison-1.5.4.jar;C:\Users\gusta\.m2\repository\org\springframework\cloud\spring-cloud-starter-loadbalancer\4.1.5\spring-cloud-starter-loadbalancer-4.1.5.jar;C:\Users\gusta\.m2\repository\org\springframework\cloud\spring-cloud-loadbalancer\4.1.5\spring-cloud-loadbalancer-4.1.5.jar;C:\Users\gusta\.m2\repository\org\springframework\boot\spring-boot-starter-cache\3.3.10\spring-boot-starter-cache-3.3.10.jar;C:\Users\gusta\.m2\repository\org\springframework\spring-context-support\6.1.18\spring-context-support-6.1.18.jar;C:\Users\gusta\.m2\repository\com\stoyanr\evictor\1.0.0\evictor-1.0.0.jar;C:\Users\gusta\.m2\repository\org\springframework\boot\spring-boot-starter-test\3.3.10\spring-boot-starter-test-3.3.10.jar;C:\Users\gusta\.m2\repository\org\springframework\boot\spring-boot-test\3.3.10\spring-boot-test-3.3.10.jar;C:\Users\gusta\.m2\repository\org\springframework\boot\spring-boot-test-autoconfigure\3.3.10\spring-boot-test-autoconfigure-3.3.10.jar;C:\Users\gusta\.m2\repository\com\jayway\jsonpath\json-path\2.9.0\json-path-2.9.0.jar;C:\Users\gusta\.m2\repository\jakarta\xml\bind\jakarta.xml.bind-api\4.0.2\jakarta.xml.bind-api-4.0.2.jar;C:\Users\gusta\.m2\repository\jakarta\activation\jakarta.activation-api\2.1.3\jakarta.activation-api-2.1.3.jar;C:\Users\gusta\.m2\repository\net\minidev\json-smart\2.5.2\json-smart-2.5.2.jar;C:\Users\gusta\.m2\repository\net\minidev\accessors-smart\2.5.2\accessors-smart-2.5.2.jar;C:\Users\gusta\.m2\repository\org\ow2\asm\asm\9.7.1\asm-9.7.1.jar;C:\Users\gusta\.m2\repository\org\assertj\assertj-core\3.25.3\assertj-core-3.25.3.jar;C:\Users\gusta\.m2\repository\net\bytebuddy\byte-buddy\1.14.19\byte-buddy-1.14.19.jar;C:\Users\gusta\.m2\repository\org\awaitility\awaitility\4.2.2\awaitility-4.2.2.jar;C:\Users\gusta\.m2\repository\org\hamcrest\hamcrest\2.2\hamcrest-2.2.jar;C:\Users\gusta\.m2\repository\org\junit\jupiter\junit-jupiter\5.10.5\junit-jupiter-5.10.5.jar;C:\Users\gusta\.m2\repository\org\junit\jupiter\junit-jupiter-api\5.10.5\junit-jupiter-api-5.10.5.jar;C:\Users\gusta\.m2\repository\org\opentest4j\opentest4j\1.3.0\opentest4j-1.3.0.jar;C:\Users\gusta\.m2\repository\org\junit\platform\junit-platform-commons\1.10.5\junit-platform-commons-1.10.5.jar;C:\Users\gusta\.m2\repository\org\apiguardian\apiguardian-api\1.1.2\apiguardian-api-1.1.2.jar;C:\Users\gusta\.m2\repository\org\junit\jupiter\junit-jupiter-params\5.10.5\junit-jupiter-params-5.10.5.jar;C:\Users\gusta\.m2\repository\org\junit\jupiter\junit-jupiter-engine\5.10.5\junit-jupiter-engine-5.10.5.jar;C:\Users\gusta\.m2\repository\org\junit\platform\junit-platform-engine\1.10.5\junit-platform-engine-1.10.5.jar;C:\Users\gusta\.m2\repository\org\mockito\mockito-core\5.11.0\mockito-core-5.11.0.jar;C:\Users\gusta\.m2\repository\net\bytebuddy\byte-buddy-agent\1.14.19\byte-buddy-agent-1.14.19.jar;C:\Users\gusta\.m2\repository\org\objenesis\objenesis\3.3\objenesis-3.3.jar;C:\Users\gusta\.m2\repository\org\mockito\mockito-junit-jupiter\5.11.0\mockito-junit-jupiter-5.11.0.jar;C:\Users\gusta\.m2\repository\org\skyscreamer\jsonassert\1.5.3\jsonassert-1.5.3.jar;C:\Users\gusta\.m2\repository\com\vaadin\external\google\android-json\0.0.20131108.vaadin1\android-json-0.0.20131108.vaadin1.jar;C:\Users\gusta\.m2\repository\org\springframework\spring-core\6.1.18\spring-core-6.1.18.jar;C:\Users\gusta\.m2\repository\org\springframework\spring-jcl\6.1.18\spring-jcl-6.1.18.jar;C:\Users\gusta\.m2\repository\org\springframework\spring-test\6.1.18\spring-test-6.1.18.jar;C:\Users\gusta\.m2\repository\org\xmlunit\xmlunit-core\2.9.1\xmlunit-core-2.9.1.jar;"/>
    <property name="java.vm.vendor" value="Oracle Corporation"/>
    <property name="sun.arch.data.model" value="64"/>
    <property name="user.variant" value=""/>
    <property name="java.vendor.url" value="https://java.oracle.com/"/>
    <property name="user.timezone" value="America/Fortaleza"/>
    <property name="org.jboss.logging.provider" value="slf4j"/>
    <property name="os.name" value="Windows 11"/>
    <property name="java.vm.specification.version" value="17"/>
    <property name="sun.java.launcher" value="SUN_STANDARD"/>
    <property name="user.country" value="BR"/>
    <property name="sun.boot.library.path" value="C:\Program Files\Java\jdk-17\bin"/>
    <property name="sun.java.command" value="C:\Users\gusta\AppData\Local\Temp\surefire4343549958021300625\surefirebooter-20251017085911292_3.jar C:\Users\gusta\AppData\Local\Temp\surefire4343549958021300625 2025-10-17T08-59-11_014-jvmRun1 surefire-20251017085911292_1tmp surefire_0-20251017085911292_2tmp"/>
    <property name="jdk.debug" value="release"/>
    <property name="surefire.test.class.path" value="C:\Users\gusta\Documents\fleche\fleche-gateway\target\test-classes;C:\Users\gusta\Documents\fleche\fleche-gateway\target\classes;C:\Users\gusta\.m2\repository\org\springframework\boot\spring-boot-starter-webflux\3.3.10\spring-boot-starter-webflux-3.3.10.jar;C:\Users\gusta\.m2\repository\org\springframework\boot\spring-boot-starter\3.3.10\spring-boot-starter-3.3.10.jar;C:\Users\gusta\.m2\repository\org\springframework\boot\spring-boot\3.3.10\spring-boot-3.3.10.jar;C:\Users\gusta\.m2\repository\org\springframework\spring-context\6.1.18\spring-context-6.1.18.jar;C:\Users\gusta\.m2\repository\org\springframework\spring-aop\6.1.18\spring-aop-6.1.18.jar;C:\Users\gusta\.m2\repository\org\springframework\spring-expression\6.1.18\spring-expression-6.1.18.jar;C:\Users\gusta\.m2\repository\org\springframework\boot\spring-boot-autoconfigure\3.3.10\spring-boot-autoconfigure-3.3.10.jar;C:\Users\gusta\.m2\repository\org\springframework\boot\spring-boot-starter-logging\3.3.10\spring-boot-starter-logging-3.3.10.jar;C:\Users\gusta\.m2\repository\ch\qos\logback\logback-classic\1.5.18\logback-classic-1.5.18.jar;C:\Users\gusta\.m2\repository\ch\qos\logback\logback-core\1.5.18\logback-core-1.5.18.jar;C:\Users\gusta\.m2\repository\org\apache\logging\log4j\log4j-to-slf4j\2.23.1\log4j-to-slf4j-2.23.1.jar;C:\Users\gusta\.m2\repository\org\apache\logging\log4j\log4j-api\2.23.1\log4j-api-2.23.1.jar;C:\Users\gusta\.m2\repository\org\slf4j\jul-to-slf4j\2.0.17\jul-to-slf4j-2.0.17.jar;C:\Users\gusta\.m2\repository\jakarta\annotation\jakarta.annotation-api\2.1.1\jakarta.annotation-api-2.1.1.jar;C:\Users\gusta\.m2\repository\org\yaml\snakeyaml\2.2\snakeyaml-2.2.jar;C:\Users\gusta\.m2\repository\org\springframework\boot\spring-boot-starter-json\3.3.10\spring-boot-starter-json-3.3.10.jar;C:\Users\gusta\.m2\repository\com\fasterxml\jackson\core\jackson-databind\2.17.3\jackson-databind-2.17.3.jar;C:\Users\gusta\.m2\repository\com\fasterxml\jackson\datatype\jackson-datatype-jdk8\2.17.3\jackson-datatype-jdk8-2.17.3.jar;C:\Users\gusta\.m2\repository\com\fasterxml\jackson\datatype\jackson-datatype-jsr310\2.17.3\jackson-datatype-jsr310-2.17.3.jar;C:\Users\gusta\.m2\repository\com\fasterxml\jackson\module\jackson-module-parameter-names\2.17.3\jackson-module-parameter-names-2.17.3.jar;C:\Users\gusta\.m2\repository\org\springframework\boot\spring-boot-starter-reactor-netty\3.3.10\spring-boot-starter-reactor-netty-3.3.10.jar;C:\Users\gusta\.m2\repository\io\projectreactor\netty\reactor-netty-http\1.1.28\reactor-netty-http-1.1.28.jar;C:\Users\gusta\.m2\repository\io\netty\netty-codec-http\4.1.119.Final\netty-codec-http-4.1.119.Final.jar;C:\Users\gusta\.m2\repository\io\netty\netty-common\4.1.119.Final\netty-common-4.1.119.Final.jar;C:\Users\gusta\.m2\repository\io\netty\netty-buffer\4.1.119.Final\netty-buffer-4.1.119.Final.jar;C:\Users\gusta\.m2\repository\io\netty\netty-transport\4.1.119.Final\netty-transport-4.1.119.Final.jar;C:\Users\gusta\.m2\repository\io\netty\netty-codec\4.1.119.Final\netty-codec-4.1.119.Final.jar;C:\Users\gusta\.m2\repository\io\netty\netty-handler\4.1.119.Final\netty-handler-4.1.119.Final.jar;C:\Users\gusta\.m2\repository\io\netty\netty-codec-http2\4.1.119.Final\netty-codec-http2-4.1.119.Final.jar;C:\Users\gusta\.m2\repository\io\netty\netty-resolver-dns\4.1.119.Final\netty-resolver-dns-4.1.119.Final.jar;C:\Users\gusta\.m2\repository\io\netty\netty-resolver\4.1.119.Final\netty-resolver-4.1.119.Final.jar;C:\Users\gusta\.m2\repository\io\netty\netty-codec-dns\4.1.119.Final\netty-codec-dns-4.1.119.Final.jar;C:\Users\gusta\.m2\repository\io\netty\netty-resolver-dns-native-macos\4.1.119.Final\netty-resolver-dns-native-macos-4.1.119.Final-osx-x86_64.jar;C:\Users\gusta\.m2\repository\io\netty\netty-resolver-dns-classes-macos\4.1.119.Final\netty-resolver-dns-classes-macos-4.1.119.Final.jar;C:\Users\gusta\.m2\repository\io\netty\netty-transport-native-epoll\4.1.119.Final\netty-transport-native-epoll-4.1.119.Final-linux-x86_64.jar;C:\Users\gusta\.m2\repository\io\netty\netty-transport-native-unix-common\4.1.119.Final\netty-transport-native-unix-common-4.1.119.Final.jar;C:\Users\gusta\.m2\repository\io\netty\netty-transport-classes-epoll\4.1.119.Final\netty-transport-classes-epoll-4.1.119.Final.jar;C:\Users\gusta\.m2\repository\io\projectreactor\netty\reactor-netty-core\1.1.28\reactor-netty-core-1.1.28.jar;C:\Users\gusta\.m2\repository\io\netty\netty-handler-proxy\4.1.119.Final\netty-handler-proxy-4.1.119.Final.jar;C:\Users\gusta\.m2\repository\io\netty\netty-codec-socks\4.1.119.Final\netty-codec-socks-4.1.119.Final.jar;C:\Users\gusta\.m2\repository\org\springframework\spring-web\6.1.18\spring-web-6.1.18.jar;C:\Users\gusta\.m2\repository\org\springframework\spring-beans\6.1.18\spring-beans-6.1.18.jar;C:\Users\gusta\.m2\repository\io\micrometer\micrometer-observation\1.13.12\micrometer-observation-1.13.12.jar;C:\Users\gusta\.m2\repository\io\micrometer\micrometer-commons\1.13.12\micrometer-commons-1.13.12.jar;C:\Users\gusta\.m2\repository\org\springframework\spring-webflux\6.1.18\spring-webflux-6.1.18.jar;C:\Users\gusta\.m2\repository\io\projectreactor\reactor-core\3.6.15\reactor-core-3.6.15.jar;C:\Users\gusta\.m2\repository\org\reactivestreams\reactive-streams\1.0.4\reactive-streams-1.0.4.jar;C:\Users\gusta\.m2\repository\org\springframework\cloud\spring-cloud-starter-gateway\4.1.6\spring-cloud-starter-gateway-4.1.6.jar;C:\Users\gusta\.m2\repository\org\springframework\cloud\spring-cloud-starter\4.1.5\spring-cloud-starter-4.1.5.jar;C:\Users\gusta\.m2\repository\org\springframework\cloud\spring-cloud-context\4.1.5\spring-cloud-context-4.1.5.jar;C:\Users\gusta\.m2\repository\org\springframework\security\spring-security-crypto\6.3.8\spring-security-crypto-6.3.8.jar;C:\Users\gusta\.m2\repository\org\springframework\cloud\spring-cloud-commons\4.1.5\spring-cloud-commons-4.1.5.jar;C:\Users\gusta\.m2\repository\org\springframework\security\spring-security-rsa\1.1.3\spring-security-rsa-1.1.3.jar;C:\Users\gusta\.m2\repository\org\bouncycastle\bcprov-jdk18on\1.78\bcprov-jdk18on-1.78.jar;C:\Users\gusta\.m2\repository\org\springframework\cloud\spring-cloud-gateway-server\4.1.6\spring-cloud-gateway-server-4.1.6.jar;C:\Users\gusta\.m2\repository\org\springframework\boot\spring-boot-starter-validation\3.3.10\spring-boot-starter-validation-3.3.10.jar;C:\Users\gusta\.m2\repository\org\apache\tomcat\embed\tomcat-embed-el\10.1.39\tomcat-embed-el-10.1.39.jar;C:\Users\gusta\.m2\repository\org\hibernate\validator\hibernate-validator\8.0.2.Final\hibernate-validator-8.0.2.Final.jar;C:\Users\gusta\.m2\repository\jakarta\validation\jakarta.validation-api\3.0.2\jakarta.validation-api-3.0.2.jar;C:\Users\gusta\.m2\repository\org\jboss\logging\jboss-logging\3.5.3.Final\jboss-logging-3.5.3.Final.jar;C:\Users\gusta\.m2\repository\com\fasterxml\classmate\1.7.0\classmate-1.7.0.jar;C:\Users\gusta\.m2\repository\io\projectreactor\addons\reactor-extra\3.5.2\reactor-extra-3.5.2.jar;C:\Users\gusta\.m2\repository\org\springframework\cloud\spring-cloud-starter-netflix-eureka-client\5.0.0-M3\spring-cloud-starter-netflix-eureka-client-5.0.0-M3.jar;C:\Users\gusta\.m2\repository\org\springframework\cloud\spring-cloud-netflix-eureka-client\4.1.5\spring-cloud-netflix-eureka-client-4.1.5.jar;C:\Users\gusta\.m2\repository\org\apache\httpcomponents\client5\httpclient5\5.3.1\httpclient5-5.3.1.jar;C:\Users\gusta\.m2\repository\org\apache\httpcomponents\core5\httpcore5\5.2.5\httpcore5-5.2.5.jar;C:\Users\gusta\.m2\repository\org\apache\httpcomponents\core5\httpcore5-h2\5.2.5\httpcore5-h2-5.2.5.jar;C:\Users\gusta\.m2\repository\com\netflix\eureka\eureka-client\2.0.4\eureka-client-2.0.4.jar;C:\Users\gusta\.m2\repository\com\thoughtworks\xstream\xstream\1.4.20\xstream-1.4.20.jar;C:\Users\gusta\.m2\repository\io\github\x-stream\mxparser\1.2.2\mxparser-1.2.2.jar;C:\Users\gusta\.m2\repository\xmlpull\xmlpull\1.1.3.1\xmlpull-1.1.3.1.jar;C:\Users\gusta\.m2\repository\jakarta\ws\rs\jakarta.ws.rs-api\3.1.0\jakarta.ws.rs-api-3.1.0.jar;C:\Users\gusta\.m2\repository\jakarta\inject\jakarta.inject-api\2.0.1\jakarta.inject-api-2.0.1.jar;C:\Users\gusta\.m2\repository\com\netflix\spectator\spectator-api\1.7.3\spectator-api-1.7.3.jar;C:\Users\gusta\.m2\repository\org\slf4j\slf4j-api\2.0.17\slf4j-api-2.0.17.jar;C:\Users\gusta\.m2\repository\org\apache\httpcomponents\httpclient\4.5.3\httpclient-4.5.3.jar;C:\Users\gusta\.m2\repository\org\apache\httpcomponents\httpcore\4.4.16\httpcore-4.4.16.jar;C:\Users\gusta\.m2\repository\commons-codec\commons-codec\1.16.1\commons-codec-1.16.1.jar;C:\Users\gusta\.m2\repository\commons-configuration\commons-configuration\1.10\commons-configuration-1.10.jar;C:\Users\gusta\.m2\repository\commons-lang\commons-lang\2.6\commons-lang-2.6.jar;C:\Users\gusta\.m2\repository\com\fasterxml\jackson\core\jackson-annotations\2.17.3\jackson-annotations-2.17.3.jar;C:\Users\gusta\.m2\repository\com\fasterxml\jackson\core\jackson-core\2.17.3\jackson-core-2.17.3.jar;C:\Users\gusta\.m2\repository\com\netflix\netflix-commons\netflix-eventbus\0.3.0\netflix-eventbus-0.3.0.jar;C:\Users\gusta\.m2\repository\com\netflix\netflix-commons\netflix-infix\0.3.0\netflix-infix-0.3.0.jar;C:\Users\gusta\.m2\repository\commons-jxpath\commons-jxpath\1.3\commons-jxpath-1.3.jar;C:\Users\gusta\.m2\repository\joda-time\joda-time\2.3\joda-time-2.3.jar;C:\Users\gusta\.m2\repository\org\antlr\antlr-runtime\3.4\antlr-runtime-3.4.jar;C:\Users\gusta\.m2\repository\org\antlr\stringtemplate\3.2.1\stringtemplate-3.2.1.jar;C:\Users\gusta\.m2\repository\antlr\antlr\2.7.7\antlr-2.7.7.jar;C:\Users\gusta\.m2\repository\com\google\guava\guava\14.0.1\guava-14.0.1.jar;C:\Users\gusta\.m2\repository\com\google\code\gson\gson\2.10.1\gson-2.10.1.jar;C:\Users\gusta\.m2\repository\com\netflix\servo\servo-core\0.5.3\servo-core-0.5.3.jar;C:\Users\gusta\.m2\repository\org\apache\commons\commons-math\2.2\commons-math-2.2.jar;C:\Users\gusta\.m2\repository\javax\annotation\javax.annotation-api\1.2\javax.annotation-api-1.2.jar;C:\Users\gusta\.m2\repository\org\codehaus\jettison\jettison\1.5.4\jettison-1.5.4.jar;C:\Users\gusta\.m2\repository\org\springframework\cloud\spring-cloud-starter-loadbalancer\4.1.5\spring-cloud-starter-loadbalancer-4.1.5.jar;C:\Users\gusta\.m2\repository\org\springframework\cloud\spring-cloud-loadbalancer\4.1.5\spring-cloud-loadbalancer-4.1.5.jar;C:\Users\gusta\.m2\repository\org\springframework\boot\spring-boot-starter-cache\3.3.10\spring-boot-starter-cache-3.3.10.jar;C:\Users\gusta\.m2\repository\org\springframework\spring-context-support\6.1.18\spring-context-support-6.1.18.jar;C:\Users\gusta\.m2\repository\com\stoyanr\evictor\1.0.0\evictor-1.0.0.jar;C:\Users\gusta\.m2\repository\org\springframework\boot\spring-boot-starter-test\3.3.10\spring-boot-starter-test-3.3.10.jar;C:\Users\gusta\.m2\repository\org\springframework\boot\spring-boot-test\3.3.10\spring-boot-test-3.3.10.jar;C:\Users\gusta\.m2\repository\org\springframework\boot\spring-boot-test-autoconfigure\3.3.10\spring-boot-test-autoconfigure-3.3.10.jar;C:\Users\gusta\.m2\repository\com\jayway\jsonpath\json-path\2.9.0\json-path-2.9.0.jar;C:\Users\gusta\.m2\repository\jakarta\xml\bind\jakarta.xml.bind-api\4.0.2\jakarta.xml.bind-api-4.0.2.jar;C:\Users\gusta\.m2\repository\jakarta\activation\jakarta.activation-api\2.1.3\jakarta.activation-api-2.1.3.jar;C:\Users\gusta\.m2\repository\net\minidev\json-smart\2.5.2\json-smart-2.5.2.jar;C:\Users\gusta\.m2\repository\net\minidev\accessors-smart\2.5.2\accessors-smart-2.5.2.jar;C:\Users\gusta\.m2\repository\org\ow2\asm\asm\9.7.1\asm-9.7.1.jar;C:\Users\gusta\.m2\repository\org\assertj\assertj-core\3.25.3\assertj-core-3.25.3.jar;C:\Users\gusta\.m2\repository\net\bytebuddy\byte-buddy\1.14.19\byte-buddy-1.14.19.jar;C:\Users\gusta\.m2\repository\org\awaitility\awaitility\4.2.2\awaitility-4.2.2.jar;C:\Users\gusta\.m2\repository\org\hamcrest\hamcrest\2.2\hamcrest-2.2.jar;C:\Users\gusta\.m2\repository\org\junit\jupiter\junit-jupiter\5.10.5\junit-jupiter-5.10.5.jar;C:\Users\gusta\.m2\repository\org\junit\jupiter\junit-jupiter-api\5.10.5\junit-jupiter-api-5.10.5.jar;C:\Users\gusta\.m2\repository\org\opentest4j\opentest4j\1.3.0\opentest4j-1.3.0.jar;C:\Users\gusta\.m2\repository\org\junit\platform\junit-platform-commons\1.10.5\junit-platform-commons-1.10.5.jar;C:\Users\gusta\.m2\repository\org\apiguardian\apiguardian-api\1.1.2\apiguardian-api-1.1.2.jar;C:\Users\gusta\.m2\repository\org\junit\jupiter\junit-jupiter-params\5.10.5\junit-jupiter-params-5.10.5.jar;C:\Users\gusta\.m2\repository\org\junit\jupiter\junit-jupiter-engine\5.10.5\junit-jupiter-engine-5.10.5.jar;C:\Users\gusta\.m2\repository\org\junit\platform\junit-platform-engine\1.10.5\junit-platform-engine-1.10.5.jar;C:\Users\gusta\.m2\repository\org\mockito\mockito-core\5.11.0\mockito-core-5.11.0.jar;C:\Users\gusta\.m2\repository\net\bytebuddy\byte-buddy-agent\1.14.19\byte-buddy-agent-1.14.19.jar;C:\Users\gusta\.m2\repository\org\objenesis\objenesis\3.3\objenesis-3.3.jar;C:\Users\gusta\.m2\repository\org\mockito\mockito-junit-jupiter\5.11.0\mockito-junit-jupiter-5.11.0.jar;C:\Users\gusta\.m2\repository\org\skyscreamer\jsonassert\1.5.3\jsonassert-1.5.3.jar;C:\Users\gusta\.m2\repository\com\vaadin\external\google\android-json\0.0.20131108.vaadin1\android-json-0.0.20131108.vaadin1.jar;C:\Users\gusta\.m2\repository\org\springframework\spring-core\6.1.18\spring-core-6.1.18.jar;C:\Users\gusta\.m2\repository\org\springframework\spring-jcl\6.1.18\spring-jcl-6.1.18.jar;C:\Users\gusta\.m2\repository\org\springframework\spring-test\6.1.18\spring-test-6.1.18.jar;C:\Users\gusta\.m2\repository\org\xmlunit\xmlunit-core\2.9.1\xmlunit-core-2.9.1.jar;"/>
    <property name="sun.cpu.endian" value="little"/>
    <property name="user.home" value="C:\Users\gusta"/>
    <property name="user.language" value="pt"/>
    <property name="java.specification.vendor" value="Oracle Corporation"/>
    <property name="java.version.date" value="2024-07-16"/>
    <property name="java.home" value="C:\Program Files\Java\jdk-17"/>
    <property name="file.separator" value="\"/>
    <property name="basedir" value="C:\Users\gusta\Documents\fleche\fleche-gateway"/>
    <property name="java.vm.compressedOopsMode" value="Zero based"/>
    <property name="line.separator" value="&#10;"/>
    <property name="java.vm.specification.vendor" value="Oracle Corporation"/>
    <property name="java.specification.name" value="Java Platform API Specification"/>
    <property name="FILE_LOG_CHARSET" value="windows-1252"/>
    <property name="java.awt.headless" value="true"/>
    <property name="surefire.real.class.path" value="C:\Users\gusta\AppData\Local\Temp\surefire4343549958021300625\surefirebooter-20251017085911292_3.jar"/>
    <property name="user.script" value=""/>
    <property name="sun.management.compiler" value="HotSpot 64-Bit Tiered Compilers"/>
    <property name="java.runtime.version" value="17.0.12+8-LTS-286"/>
    <property name="user.name" value="gusta"/>
    <property name="path.separator" value=";"/>
    <property name="os.version" value="10.0"/>
    <property name="java.runtime.name" value="Java(TM) SE Runtime Environment"/>
    <property name="file.encoding" value="Cp1252"/>
    <property name="java.vm.name" value="Java HotSpot(TM) 64-Bit Server VM"/>
    <property name="localRepository" value="C:\Users\gusta\.m2\repository"/>
    <property name="java.vendor.url.bug" value="https://bugreport.java.com/bugreport/"/>
    <property name="java.io.tmpdir" value="C:\Users\gusta\AppData\Local\Temp\"/>
    <property name="idea.version" value="2024.3.5"/>
    <property name="java.version" value="17.0.12"/>
    <property name="user.dir" value="C:\Users\gusta\Documents\fleche\fleche-gateway"/>
    <property name="os.arch" value="amd64"/>
    <property name="java.vm.specification.name" value="Java Virtual Machine Specification"/>
    <property name="PID" value="18504"/>
    <property name="sun.os.patch.level" value=""/>
    <property name="CONSOLE_LOG_CHARSET" value="windows-1252"/>
    <property name="native.encoding" value="Cp1252"/>
    <property name="java.library.path" value="C:\Program Files\Java\jdk-17\bin;C:\WINDOWS\Sun\Java\bin;C:\WINDOWS\system32;C:\WINDOWS;C:\Program Files\Microsoft SDKs\Azure\CLI2\wbin;C:\Program Files\PostgreSQL\17\bin;C:\Program Files\Common Files\Oracle\Java\javapath;C:\WINDOWS\system32;C:\WINDOWS;C:\WINDOWS\System32\Wbem;C:\WINDOWS\System32\WindowsPowerShell\v1.0\;C:\WINDOWS\System32\OpenSSH\;C:\Program Files\Docker\Docker\resources\bin;C:\Program Files\Git\cmd;C:\apache-maven-3.9.9\bin;C:\Users\gusta\AppData\Local\nvm;C:\nvm4w\nodejs;C:\Program Files\Java\jdk-21\bin;C:\Program Files\terraform_1.13.1_windows_386;C:\Program Files\Amazon\AWSCLIV2\;C:\Program Files\MySQL\MySQL Server 8.0\bin;C:\Program Files\MySQL\MySQL Shell 8.0\bin\;C:\Users\gusta\AppData\Local\Microsoft\WindowsApps;C:\Program Files\JetBrains\IntelliJ IDEA Community Edition 2024.3.3\bin;;C:\Users\gusta\AppData\Local\Programs\Microsoft VS Code\bin;C:\Users\gusta\AppData\Roaming\npm;C:\Users\gusta\AppData\Local\nvm;C:\nvm4w\nodejs;."/>
    <property name="java.vm.info" value="mixed mode, sharing"/>
    <property name="java.vendor" value="Oracle Corporation"/>
    <property name="java.vm.version" value="17.0.12+8-LTS-286"/>
    <property name="sun.io.unicode.encoding" value="UnicodeLittle"/>
    <property name="java.class.version" value="61.0"/>
    <property name="LOGGED_APPLICATION_NAME" value="[fleche-gateway] "/>
  </properties>
  <testcase name="contextLoads" classname="io.github.gustacodes.mscloudgateway.FlechGatewayApplicationTests" time="1.058">
    <system-out><![CDATA[08:59:12.576 [main] INFO org.springframework.test.context.support.AnnotationConfigContextLoaderUtils -- Could not detect default configuration classes for test class [io.github.gustacodes.mscloudgateway.FlechGatewayApplicationTests]: FlechGatewayApplicationTests does not declare any static, non-private, non-final, nested classes annotated with @Configuration.
08:59:12.714 [main] INFO org.springframework.boot.test.context.SpringBootTestContextBootstrapper -- Found @SpringBootConfiguration io.github.gustacodes.mscloudgateway.FlechGatewayApplication for test class io.github.gustacodes.mscloudgateway.FlechGatewayApplicationTests

  .   ____          _            __ _ _
 /\\ / ___'_ __ _ _(_)_ __  __ _ \ \ \ \
( ( )\___ | '_ | '_| | '_ \/ _` | \ \ \ \
 \\/  ___)| |_)| | | | | || (_| |  ) ) ) )
  '  |____| .__|_| |_|_| |_\__, | / / / /
 =========|_|==============|___/=/_/_/_/

 :: Spring Boot ::               (v3.3.10)

2025-10-17T08:59:13.533-03:00  INFO 18504 --- [fleche-gateway] [           main] i.g.g.m.FlechGatewayApplicationTests     : Starting FlechGatewayApplicationTests using Java 17.0.12 with PID 18504 (started by gusta in C:\Users\gusta\Documents\fleche\fleche-gateway)
2025-10-17T08:59:13.536-03:00  INFO 18504 --- [fleche-gateway] [           main] i.g.g.m.FlechGatewayApplicationTests     : No active profile set, falling back to 1 default profile: "default"
2025-10-17T08:59:15.225-03:00  INFO 18504 --- [fleche-gateway] [           main] o.s.cloud.context.scope.GenericScope     : BeanFactory id=38c29ce6-30e7-316b-a26e-49646d4738c8
2025-10-17T08:59:16.698-03:00  INFO 18504 --- [fleche-gateway] [           main] o.s.c.g.r.RouteDefinitionRouteLocator    : Loaded RoutePredicateFactory [After]
2025-10-17T08:59:16.698-03:00  INFO 18504 --- [fleche-gateway] [           main] o.s.c.g.r.RouteDefinitionRouteLocator    : Loaded RoutePredicateFactory [Before]
2025-10-17T08:59:16.699-03:00  INFO 18504 --- [fleche-gateway] [           main] o.s.c.g.r.RouteDefinitionRouteLocator    : Loaded RoutePredicateFactory [Between]
2025-10-17T08:59:16.699-03:00  INFO 18504 --- [fleche-gateway] [           main] o.s.c.g.r.RouteDefinitionRouteLocator    : Loaded RoutePredicateFactory [Cookie]
2025-10-17T08:59:16.699-03:00  INFO 18504 --- [fleche-gateway] [           main] o.s.c.g.r.RouteDefinitionRouteLocator    : Loaded RoutePredicateFactory [Header]
2025-10-17T08:59:16.699-03:00  INFO 18504 --- [fleche-gateway] [           main] o.s.c.g.r.RouteDefinitionRouteLocator    : Loaded RoutePredicateFactory [Host]
2025-10-17T08:59:16.699-03:00  INFO 18504 --- [fleche-gateway] [           main] o.s.c.g.r.RouteDefinitionRouteLocator    : Loaded RoutePredicateFactory [Method]
2025-10-17T08:59:16.699-03:00  INFO 18504 --- [fleche-gateway] [           main] o.s.c.g.r.RouteDefinitionRouteLocator    : Loaded RoutePredicateFactory [Path]
2025-10-17T08:59:16.700-03:00  INFO 18504 --- [fleche-gateway] [           main] o.s.c.g.r.RouteDefinitionRouteLocator    : Loaded RoutePredicateFactory [Query]
2025-10-17T08:59:16.700-03:00  INFO 18504 --- [fleche-gateway] [           main] o.s.c.g.r.RouteDefinitionRouteLocator    : Loaded RoutePredicateFactory [ReadBody]
2025-10-17T08:59:16.700-03:00  INFO 18504 --- [fleche-gateway] [           main] o.s.c.g.r.RouteDefinitionRouteLocator    : Loaded RoutePredicateFactory [RemoteAddr]
2025-10-17T08:59:16.700-03:00  INFO 18504 --- [fleche-gateway] [           main] o.s.c.g.r.RouteDefinitionRouteLocator    : Loaded RoutePredicateFactory [XForwardedRemoteAddr]
2025-10-17T08:59:16.700-03:00  INFO 18504 --- [fleche-gateway] [           main] o.s.c.g.r.RouteDefinitionRouteLocator    : Loaded RoutePredicateFactory [Weight]
2025-10-17T08:59:16.700-03:00  INFO 18504 --- [fleche-gateway] [           main] o.s.c.g.r.RouteDefinitionRouteLocator    : Loaded RoutePredicateFactory [CloudFoundryRouteService]
2025-10-17T08:59:17.219-03:00  INFO 18504 --- [fleche-gateway] [           main] DiscoveryClientOptionalArgsConfiguration : Eureka HTTP Client uses RestTemplate.
2025-10-17T08:59:17.260-03:00  WARN 18504 --- [fleche-gateway] [           main] iguration$LoadBalancerCaffeineWarnLogger : Spring Cloud LoadBalancer is currently working with the default cache. While this cache implementation is useful for development and tests, it's recommended to use Caffeine cache in production.You can switch to using Caffeine cache, by adding it and org.springframework.cache.caffeine.CaffeineCacheManager to the classpath.
2025-10-17T08:59:17.309-03:00  INFO 18504 --- [fleche-gateway] [           main] o.s.c.n.eureka.InstanceInfoFactory       : Setting initial instance status as: STARTING
2025-10-17T08:59:17.346-03:00  INFO 18504 --- [fleche-gateway] [           main] com.netflix.discovery.DiscoveryClient    : Initializing Eureka in region us-east-1
2025-10-17T08:59:17.355-03:00  INFO 18504 --- [fleche-gateway] [           main] c.n.d.s.r.aws.ConfigClusterResolver      : Resolving eureka endpoints via configuration
2025-10-17T08:59:17.369-03:00  INFO 18504 --- [fleche-gateway] [           main] com.netflix.discovery.DiscoveryClient    : Disable delta property : false
2025-10-17T08:59:17.369-03:00  INFO 18504 --- [fleche-gateway] [           main] com.netflix.discovery.DiscoveryClient    : Single vip registry refresh property : null
2025-10-17T08:59:17.370-03:00  INFO 18504 --- [fleche-gateway] [           main] com.netflix.discovery.DiscoveryClient    : Force full registry fetch : false
2025-10-17T08:59:17.370-03:00  INFO 18504 --- [fleche-gateway] [           main] com.netflix.discovery.DiscoveryClient    : Application is null : false
2025-10-17T08:59:17.370-03:00  INFO 18504 --- [fleche-gateway] [           main] com.netflix.discovery.DiscoveryClient    : Registered Applications size is zero : true
2025-10-17T08:59:17.370-03:00  INFO 18504 --- [fleche-gateway] [           main] com.netflix.discovery.DiscoveryClient    : Application version is -1: true
2025-10-17T08:59:17.370-03:00  INFO 18504 --- [fleche-gateway] [           main] com.netflix.discovery.DiscoveryClient    : Getting all instance registry info from the eureka server
2025-10-17T08:59:18.086-03:00  INFO 18504 --- [fleche-gateway] [           main] com.netflix.discovery.DiscoveryClient    : The response status is 200
2025-10-17T08:59:18.089-03:00  INFO 18504 --- [fleche-gateway] [           main] com.netflix.discovery.DiscoveryClient    : Starting heartbeat executor: renew interval is: 30
2025-10-17T08:59:18.092-03:00  INFO 18504 --- [fleche-gateway] [           main] c.n.discovery.InstanceInfoReplicator     : InstanceInfoReplicator onDemand update allowed rate per min is 4
2025-10-17T08:59:18.095-03:00  INFO 18504 --- [fleche-gateway] [           main] com.netflix.discovery.DiscoveryClient    : Discovery Client initialized at timestamp 1760702358094 with initial instances count: 2
2025-10-17T08:59:18.100-03:00  INFO 18504 --- [fleche-gateway] [           main] o.s.c.n.e.s.EurekaServiceRegistry        : Registering application FLECHE-GATEWAY with eureka with status UP
2025-10-17T08:59:18.100-03:00  INFO 18504 --- [fleche-gateway] [           main] com.netflix.discovery.DiscoveryClient    : Saw local status change event StatusChangeEvent [timestamp=1760702358100, current=UP, previous=STARTING]
2025-10-17T08:59:18.108-03:00  INFO 18504 --- [fleche-gateway] [foReplicator-%d] com.netflix.discovery.DiscoveryClient    : DiscoveryClient_FLECHE-GATEWAY/GUSTAVO.bbrouter:fleche-gateway:8080: registering service...
2025-10-17T08:59:18.293-03:00  INFO 18504 --- [fleche-gateway] [           main] i.g.g.m.FlechGatewayApplicationTests     : Started FlechGatewayApplicationTests in 5.326 seconds (process running for 6.789)
2025-10-17T08:59:18.382-03:00  INFO 18504 --- [fleche-gateway] [foReplicator-%d] com.netflix.discovery.DiscoveryClient    : DiscoveryClient_FLECHE-GATEWAY/GUSTAVO.bbrouter:fleche-gateway:8080 - registration status: 204
]]></system-out>
  </testcase>
</testsuite>